c:\users\최현산\desktop\cg_hw3\cg_light\debug\vc142.pdb
c:\users\최현산\desktop\cg_hw3\cg_light\debug\vc142.idb
c:\users\최현산\desktop\cg_hw3\cg_light\debug\textureshaderclass.obj
c:\users\최현산\desktop\cg_hw3\cg_light\debug\textureclass.obj
c:\users\최현산\desktop\cg_hw3\cg_light\debug\systemclass.obj
c:\users\최현산\desktop\cg_hw3\cg_light\debug\modelclass.obj
c:\users\최현산\desktop\cg_hw3\cg_light\debug\main.obj
c:\users\최현산\desktop\cg_hw3\cg_light\debug\lightshaderclass.obj
c:\users\최현산\desktop\cg_hw3\cg_light\debug\lightclass.obj
c:\users\최현산\desktop\cg_hw3\cg_light\debug\inputclass.obj
c:\users\최현산\desktop\cg_hw3\cg_light\debug\graphicsclass.obj
c:\users\최현산\desktop\cg_hw3\cg_light\debug\ddstextureloader.obj
c:\users\최현산\desktop\cg_hw3\cg_light\debug\d3dclass.obj
c:\users\최현산\desktop\cg_hw3\cg_light\debug\colorshaderclass.obj
c:\users\최현산\desktop\cg_hw3\cg_light\debug\cameraclass.obj
c:\users\최현산\desktop\cg_hw3 - 마우스시점이동 수정 전\cg_light\debug\vc142.pdb
c:\users\최현산\desktop\cg_hw3 - 마우스시점이동 수정 전\cg_light\debug\vc142.idb
c:\users\최현산\desktop\cg_hw3 - 마우스시점이동 수정 전\cg_light\debug\textureshaderclass.obj
c:\users\최현산\desktop\cg_hw3 - 마우스시점이동 수정 전\cg_light\debug\textureclass.obj
c:\users\최현산\desktop\cg_hw3 - 마우스시점이동 수정 전\cg_light\debug\systemclass.obj
c:\users\최현산\desktop\cg_hw3 - 마우스시점이동 수정 전\cg_light\debug\modelclass.obj
c:\users\최현산\desktop\cg_hw3 - 마우스시점이동 수정 전\cg_light\debug\main.obj
c:\users\최현산\desktop\cg_hw3 - 마우스시점이동 수정 전\cg_light\debug\lightshaderclass.obj
c:\users\최현산\desktop\cg_hw3 - 마우스시점이동 수정 전\cg_light\debug\lightclass.obj
c:\users\최현산\desktop\cg_hw3 - 마우스시점이동 수정 전\cg_light\debug\inputclass.obj
c:\users\최현산\desktop\cg_hw3 - 마우스시점이동 수정 전\cg_light\debug\graphicsclass.obj
c:\users\최현산\desktop\cg_hw3 - 마우스시점이동 수정 전\cg_light\debug\ddstextureloader.obj
c:\users\최현산\desktop\cg_hw3 - 마우스시점이동 수정 전\cg_light\debug\d3dclass.obj
c:\users\최현산\desktop\cg_hw3 - 마우스시점이동 수정 전\cg_light\debug\colorshaderclass.obj
c:\users\최현산\desktop\cg_hw3 - 마우스시점이동 수정 전\cg_light\debug\cameraclass.obj
c:\users\최현산\desktop\cg_hw3 -\cg_light\debug\vc142.pdb
c:\users\최현산\desktop\cg_hw3 -\cg_light\debug\vc142.idb
c:\users\최현산\desktop\cg_hw3 -\cg_light\debug\textureshaderclass.obj
c:\users\최현산\desktop\cg_hw3 -\cg_light\debug\textureclass.obj
c:\users\최현산\desktop\cg_hw3 -\cg_light\debug\systemclass.obj
c:\users\최현산\desktop\cg_hw3 -\cg_light\debug\modelclass.obj
c:\users\최현산\desktop\cg_hw3 -\cg_light\debug\main.obj
c:\users\최현산\desktop\cg_hw3 -\cg_light\debug\lightshaderclass.obj
c:\users\최현산\desktop\cg_hw3 -\cg_light\debug\lightclass.obj
c:\users\최현산\desktop\cg_hw3 -\cg_light\debug\inputclass.obj
c:\users\최현산\desktop\cg_hw3 -\cg_light\debug\ddstextureloader.obj
c:\users\최현산\desktop\cg_hw3 -\cg_light\debug\d3dclass.obj
c:\users\최현산\desktop\cg_hw3 -\cg_light\debug\colorshaderclass.obj
c:\users\최현산\desktop\cg_hw3 -\cg_light\debug\cameraclass.obj
c:\users\최현산\desktop\cg_hw3 -\cg_light\debug\graphicsclass.obj
c:\users\최현산\desktop\study\cg_hw3_b877039\cg_light\debug\vc142.pdb
c:\users\최현산\desktop\study\cg_hw3_b877039\cg_light\debug\vc142.idb
c:\users\최현산\desktop\study\cg_hw3_b877039\cg_light\debug\textureshaderclass.obj
c:\users\최현산\desktop\study\cg_hw3_b877039\cg_light\debug\textureclass.obj
c:\users\최현산\desktop\study\cg_hw3_b877039\cg_light\debug\systemclass.obj
c:\users\최현산\desktop\study\cg_hw3_b877039\cg_light\debug\modelclass.obj
c:\users\최현산\desktop\study\cg_hw3_b877039\cg_light\debug\main.obj
c:\users\최현산\desktop\study\cg_hw3_b877039\cg_light\debug\lightshaderclass.obj
c:\users\최현산\desktop\study\cg_hw3_b877039\cg_light\debug\lightclass.obj
c:\users\최현산\desktop\study\cg_hw3_b877039\cg_light\debug\inputclass.obj
c:\users\최현산\desktop\study\cg_hw3_b877039\cg_light\debug\graphicsclass.obj
c:\users\최현산\desktop\study\cg_hw3_b877039\cg_light\debug\ddstextureloader.obj
c:\users\최현산\desktop\study\cg_hw3_b877039\cg_light\debug\d3dclass.obj
c:\users\최현산\desktop\study\cg_hw3_b877039\cg_light\debug\colorshaderclass.obj
c:\users\최현산\desktop\study\cg_hw3_b877039\cg_light\debug\cameraclass.obj
c:\users\최현산\desktop\cg_hw3\debug\cg_light.exe
c:\users\최현산\desktop\cg_hw3\cg_light\debug\cg_light.ilk
c:\users\최현산\desktop\cg_hw3\debug\cg_light.pdb
c:\users\최현산\desktop\cg_hw3 - 마우스시점이동 수정 전\debug\cg_light.exe
c:\users\최현산\desktop\cg_hw3 - 마우스시점이동 수정 전\cg_light\debug\cg_light.ilk
c:\users\최현산\desktop\cg_hw3 - 마우스시점이동 수정 전\debug\cg_light.pdb
c:\users\최현산\desktop\cg_hw3 -\debug\cg_light.exe
c:\users\최현산\desktop\cg_hw3 -\cg_light\debug\cg_light.ilk
c:\users\최현산\desktop\cg_hw3 -\debug\cg_light.pdb
c:\users\최현산\desktop\study\cg_hw3_b877039\debug\cg_light.exe
c:\users\최현산\desktop\study\cg_hw3_b877039\cg_light\debug\cg_light.ilk
c:\users\최현산\desktop\study\cg_hw3_b877039\debug\cg_light.pdb
c:\users\최현산\desktop\study\cg_hw3_b877039\cg_light\debug\cg_light.tlog\cl.command.1.tlog
c:\users\최현산\desktop\study\cg_hw3_b877039\cg_light\debug\cg_light.tlog\cl.read.1.tlog
c:\users\최현산\desktop\study\cg_hw3_b877039\cg_light\debug\cg_light.tlog\cl.write.1.tlog
c:\users\최현산\desktop\study\cg_hw3_b877039\cg_light\debug\cg_light.tlog\link.command.1.tlog
c:\users\최현산\desktop\study\cg_hw3_b877039\cg_light\debug\cg_light.tlog\link.read.1.tlog
c:\users\최현산\desktop\study\cg_hw3_b877039\cg_light\debug\cg_light.tlog\link.write.1.tlog
